# JRE version: OpenJDK Runtime Environment JBR-17.0.9+7-1087.7-nomod (17.0.9+7) (build 17.0.9+7-b1087.7)
# Java VM: OpenJDK 64-Bit Server VM JBR-17.0.9+7-1087.7-nomod (17.0.9+7-b1087.7, mixed mode, tiered, compressed oops, compressed class ptrs, g1 gc, linux-amd64)
GC Precious Log:
 CPUs: 32 total, 12 available
 Memory: 31376M
 Large Page Support: Disabled
 NUMA Support: Disabled
 Compressed Oops: Enabled (Zero based)
 Heap Region Size: 4M
 Heap Min Capacity: 8M
 Heap Initial Capacity: 492M
 Heap Max Capacity: 7848M
 Pre-touch: Disabled
 Parallel Workers: 10
 Concurrent Workers: 3
 Concurrent Refinement Workers: 10
 Periodic GC: Disabled
Heap:
 garbage-first heap   total 1220608K, used 810898K [0x0000000615800000, 0x0000000800000000)
  region size 4096K, 60 young (245760K), 4 survivors (16384K)
 Metaspace       used 122852K, committed 124480K, reserved 1179648K
  class space    used 18157K, committed 18816K, reserved 1048576K
GC Heap History (20 events):
Event: 8.719 GC heap before
{Heap before GC invocations=23 (full 0):
 garbage-first heap   total 540672K, used 421960K [0x0000000615800000, 0x0000000800000000)
  region size 4096K, 61 young (249856K), 3 survivors (12288K)
 Metaspace       used 95419K, committed 96896K, reserved 1179648K
  class space    used 13897K, committed 14528K, reserved 1048576K
}
Event: 8.729 GC heap after
{Heap after GC invocations=24 (full 0):
 garbage-first heap   total 540672K, used 202660K [0x0000000615800000, 0x0000000800000000)
  region size 4096K, 7 young (28672K), 7 survivors (28672K)
 Metaspace       used 95419K, committed 96896K, reserved 1179648K
  class space    used 13897K, committed 14528K, reserved 1048576K
}
Event: 8.746 GC heap before
{Heap before GC invocations=24 (full 0):
 garbage-first heap   total 540672K, used 206756K [0x0000000615800000, 0x0000000800000000)
  region size 4096K, 8 young (32768K), 7 survivors (28672K)
 Metaspace       used 95583K, committed 97088K, reserved 1179648K
  class space    used 13920K, committed 14592K, reserved 1048576K
}
Event: 8.756 GC heap after
{Heap after GC invocations=25 (full 0):
 garbage-first heap   total 540672K, used 203590K [0x0000000615800000, 0x0000000800000000)
  region size 4096K, 1 young (4096K), 1 survivors (4096K)
 Metaspace       used 95583K, committed 97088K, reserved 1179648K
  class space    used 13920K, committed 14592K, reserved 1048576K
}
Event: 9.263 GC heap before
{Heap before GC invocations=25 (full 0):
 garbage-first heap   total 540672K, used 428870K [0x0000000615800000, 0x0000000800000000)
  region size 4096K, 56 young (229376K), 1 survivors (4096K)
 Metaspace       used 102675K, committed 104192K, reserved 1179648K
  class space    used 15163K, committed 15808K, reserved 1048576K
}
Event: 9.269 GC heap after
{Heap after GC invocations=26 (full 0):
 garbage-first heap   total 540672K, used 216109K [0x0000000615800000, 0x0000000800000000)
  region size 4096K, 5 young (20480K), 5 survivors (20480K)
 Metaspace       used 102675K, committed 104192K, reserved 1179648K
  class space    used 15163K, committed 15808K, reserved 1048576K
}
Event: 9.391 GC heap before
{Heap before GC invocations=26 (full 0):
 garbage-first heap   total 540672K, used 420909K [0x0000000615800000, 0x0000000800000000)
  region size 4096K, 56 young (229376K), 5 survivors (20480K)
 Metaspace       used 102883K, committed 104320K, reserved 1179648K
  class space    used 15184K, committed 15808K, reserved 1048576K
}
Event: 9.397 GC heap after
{Heap after GC invocations=27 (full 0):
 garbage-first heap   total 540672K, used 222365K [0x0000000615800000, 0x0000000800000000)
  region size 4096K, 3 young (12288K), 3 survivors (12288K)
 Metaspace       used 102883K, committed 104320K, reserved 1179648K
  class space    used 15184K, committed 15808K, reserved 1048576K
}
Event: 9.573 GC heap before
{Heap before GC invocations=27 (full 0):
 garbage-first heap   total 540672K, used 427165K [0x0000000615800000, 0x0000000800000000)
  region size 4096K, 54 young (221184K), 3 survivors (12288K)
 Metaspace       used 103394K, committed 104896K, reserved 1179648K
  class space    used 15261K, committed 15872K, reserved 1048576K
}
Event: 9.581 GC heap after
{Heap after GC invocations=28 (full 0):
 garbage-first heap   total 1208320K, used 238615K [0x0000000615800000, 0x0000000800000000)
  region size 4096K, 7 young (28672K), 7 survivors (28672K)
 Metaspace       used 103394K, committed 104896K, reserved 1179648K
  class space    used 15261K, committed 15872K, reserved 1048576K
}
Event: 15.632 GC heap before
{Heap before GC invocations=28 (full 0):
 garbage-first heap   total 1208320K, used 918551K [0x0000000615800000, 0x0000000800000000)
  region size 4096K, 174 young (712704K), 7 survivors (28672K)
 Metaspace       used 109545K, committed 111040K, reserved 1179648K
  class space    used 16164K, committed 16832K, reserved 1048576K
}
Event: 15.662 GC heap after
{Heap after GC invocations=29 (full 0):
 garbage-first heap   total 1208320K, used 294863K [0x0000000615800000, 0x0000000800000000)
  region size 4096K, 20 young (81920K), 20 survivors (81920K)
 Metaspace       used 109545K, committed 111040K, reserved 1179648K
  class space    used 16164K, committed 16832K, reserved 1048576K
}
Event: 16.638 GC heap before
{Heap before GC invocations=29 (full 0):
 garbage-first heap   total 1208320K, used 851919K [0x0000000615800000, 0x0000000800000000)
  region size 4096K, 157 young (643072K), 20 survivors (81920K)
 Metaspace       used 115848K, committed 117440K, reserved 1179648K
  class space    used 17239K, committed 17920K, reserved 1048576K
}
Event: 16.661 GC heap after
{Heap after GC invocations=30 (full 0):
 garbage-first heap   total 1208320K, used 311683K [0x0000000615800000, 0x0000000800000000)
  region size 4096K, 5 young (20480K), 5 survivors (20480K)
 Metaspace       used 115848K, committed 117440K, reserved 1179648K
  class space    used 17239K, committed 17920K, reserved 1048576K
}
Event: 24.489 GC heap before
{Heap before GC invocations=30 (full 0):
 garbage-first heap   total 1208320K, used 913795K [0x0000000615800000, 0x0000000800000000)
  region size 4096K, 152 young (622592K), 5 survivors (20480K)
 Metaspace       used 122068K, committed 123648K, reserved 1179648K
  class space    used 18070K, committed 18752K, reserved 1048576K
}
Event: 24.500 GC heap after
{Heap after GC invocations=31 (full 0):
 garbage-first heap   total 1208320K, used 333764K [0x0000000615800000, 0x0000000800000000)
  region size 4096K, 10 young (40960K), 10 survivors (40960K)
 Metaspace       used 122068K, committed 123648K, reserved 1179648K
  class space    used 18070K, committed 18752K, reserved 1048576K
}
Event: 25.326 GC heap before
{Heap before GC invocations=31 (full 0):
 garbage-first heap   total 1208320K, used 948164K [0x0000000615800000, 0x0000000800000000)
  region size 4096K, 160 young (655360K), 10 survivors (40960K)
 Metaspace       used 122697K, committed 124288K, reserved 1179648K
  class space    used 18145K, committed 18816K, reserved 1048576K
}
Event: 25.428 GC heap after
{Heap after GC invocations=32 (full 0):
 garbage-first heap   total 1220608K, used 561331K [0x0000000615800000, 0x0000000800000000)
  region size 4096K, 20 young (81920K), 20 survivors (81920K)
 Metaspace       used 122697K, committed 124288K, reserved 1179648K
  class space    used 18145K, committed 18816K, reserved 1048576K
}
Event: 25.771 GC heap before
{Heap before GC invocations=32 (full 0):
 garbage-first heap   total 1220608K, used 692403K [0x0000000615800000, 0x0000000800000000)
  region size 4096K, 52 young (212992K), 20 survivors (81920K)
 Metaspace       used 122719K, committed 124352K, reserved 1179648K
  class space    used 18145K, committed 18816K, reserved 1048576K
}
Event: 25.809 GC heap after
{Heap after GC invocations=33 (full 0):
 garbage-first heap   total 1220608K, used 585618K [0x0000000615800000, 0x0000000800000000)
  region size 4096K, 4 young (16384K), 4 survivors (16384K)
 Metaspace       used 122719K, committed 124352K, reserved 1179648K
  class space    used 18145K, committed 18816K, reserved 1048576K
}

