# JRE version: OpenJDK Runtime Environment JBR-17.0.9+7-1087.7-nomod (17.0.9+7) (build 17.0.9+7-b1087.7)
# Java VM: OpenJDK 64-Bit Server VM JBR-17.0.9+7-1087.7-nomod (17.0.9+7-b1087.7, mixed mode, tiered, compressed oops, compressed class ptrs, g1 gc, linux-amd64)
GC Precious Log:
 CPUs: 32 total, 12 available
 Memory: 31376M
 Large Page Support: Disabled
 NUMA Support: Disabled
 Compressed Oops: Enabled (Zero based)
 Heap Region Size: 4M
 Heap Min Capacity: 8M
 Heap Initial Capacity: 492M
 Heap Max Capacity: 7848M
 Pre-touch: Disabled
 Parallel Workers: 10
 Concurrent Workers: 3
 Concurrent Refinement Workers: 10
 Periodic GC: Disabled
Heap:
 garbage-first heap   total 1572864K, used 1162673K [0x0000000615800000, 0x0000000800000000)
  region size 4096K, 116 young (475136K), 8 survivors (32768K)
 Metaspace       used 123517K, committed 125184K, reserved 1179648K
  class space    used 18228K, committed 18944K, reserved 1048576K
GC Heap History (20 events):
Event: 15.163 GC heap after
{Heap after GC invocations=37 (full 0):
 garbage-first heap   total 733184K, used 309789K [0x0000000615800000, 0x0000000800000000)
  region size 4096K, 4 young (16384K), 4 survivors (16384K)
 Metaspace       used 113656K, committed 115200K, reserved 1179648K
  class space    used 16987K, committed 17664K, reserved 1048576K
}
Event: 15.617 GC heap before
{Heap before GC invocations=37 (full 0):
 garbage-first heap   total 733184K, used 580125K [0x0000000615800000, 0x0000000800000000)
  region size 4096K, 71 young (290816K), 4 survivors (16384K)
 Metaspace       used 115932K, committed 117504K, reserved 1179648K
  class space    used 17284K, committed 17984K, reserved 1048576K
}
Event: 15.623 GC heap after
{Heap after GC invocations=38 (full 0):
 garbage-first heap   total 733184K, used 307168K [0x0000000615800000, 0x0000000800000000)
  region size 4096K, 4 young (16384K), 4 survivors (16384K)
 Metaspace       used 115932K, committed 117504K, reserved 1179648K
  class space    used 17284K, committed 17984K, reserved 1048576K
}
Event: 16.961 GC heap before
{Heap before GC invocations=38 (full 0):
 garbage-first heap   total 733184K, used 589792K [0x0000000615800000, 0x0000000800000000)
  region size 4096K, 73 young (299008K), 4 survivors (16384K)
 Metaspace       used 119072K, committed 120640K, reserved 1179648K
  class space    used 17699K, committed 18368K, reserved 1048576K
}
Event: 16.969 GC heap after
{Heap after GC invocations=39 (full 0):
 garbage-first heap   total 733184K, used 315839K [0x0000000615800000, 0x0000000800000000)
  region size 4096K, 6 young (24576K), 6 survivors (24576K)
 Metaspace       used 119072K, committed 120640K, reserved 1179648K
  class space    used 17699K, committed 18368K, reserved 1048576K
}
Event: 17.280 GC heap before
{Heap before GC invocations=39 (full 0):
 garbage-first heap   total 733184K, used 598463K [0x0000000615800000, 0x0000000800000000)
  region size 4096K, 75 young (307200K), 6 survivors (24576K)
 Metaspace       used 119578K, committed 121216K, reserved 1179648K
  class space    used 17765K, committed 18496K, reserved 1048576K
}
Event: 17.345 GC heap after
{Heap after GC invocations=40 (full 0):
 garbage-first heap   total 786432K, used 473884K [0x0000000615800000, 0x0000000800000000)
  region size 4096K, 10 young (40960K), 10 survivors (40960K)
 Metaspace       used 119578K, committed 121216K, reserved 1179648K
  class space    used 17765K, committed 18496K, reserved 1048576K
}
Event: 17.456 GC heap before
{Heap before GC invocations=40 (full 0):
 garbage-first heap   total 786432K, used 604956K [0x0000000615800000, 0x0000000800000000)
  region size 4096K, 42 young (172032K), 10 survivors (40960K)
 Metaspace       used 119581K, committed 121216K, reserved 1179648K
  class space    used 17765K, committed 18496K, reserved 1048576K
}
Event: 17.499 GC heap after
{Heap after GC invocations=41 (full 0):
 garbage-first heap   total 786432K, used 553088K [0x0000000615800000, 0x0000000800000000)
  region size 4096K, 6 young (24576K), 6 survivors (24576K)
 Metaspace       used 119581K, committed 121216K, reserved 1179648K
  class space    used 17765K, committed 18496K, reserved 1048576K
}
Event: 17.547 GC heap before
{Heap before GC invocations=41 (full 0):
 garbage-first heap   total 786432K, used 626816K [0x0000000615800000, 0x0000000800000000)
  region size 4096K, 24 young (98304K), 6 survivors (24576K)
 Metaspace       used 119585K, committed 121216K, reserved 1179648K
  class space    used 17765K, committed 18496K, reserved 1048576K
}
Event: 17.570 GC heap after
{Heap after GC invocations=42 (full 0):
 garbage-first heap   total 1572864K, used 604046K [0x0000000615800000, 0x0000000800000000)
  region size 4096K, 3 young (12288K), 3 survivors (12288K)
 Metaspace       used 119585K, committed 121216K, reserved 1179648K
  class space    used 17765K, committed 18496K, reserved 1048576K
}
Event: 18.926 GC heap before
{Heap before GC invocations=43 (full 0):
 garbage-first heap   total 1572864K, used 1038222K [0x0000000615800000, 0x0000000800000000)
  region size 4096K, 110 young (450560K), 3 survivors (12288K)
 Metaspace       used 122100K, committed 123776K, reserved 1179648K
  class space    used 18093K, committed 18880K, reserved 1048576K
}
Event: 18.959 GC heap after
{Heap after GC invocations=44 (full 0):
 garbage-first heap   total 1572864K, used 696448K [0x0000000615800000, 0x0000000800000000)
  region size 4096K, 14 young (57344K), 14 survivors (57344K)
 Metaspace       used 122100K, committed 123776K, reserved 1179648K
  class space    used 18093K, committed 18880K, reserved 1048576K
}
Event: 18.993 GC heap before
{Heap before GC invocations=44 (full 0):
 garbage-first heap   total 1572864K, used 716928K [0x0000000615800000, 0x0000000800000000)
  region size 4096K, 19 young (77824K), 14 survivors (57344K)
 Metaspace       used 122168K, committed 123840K, reserved 1179648K
  class space    used 18107K, committed 18880K, reserved 1048576K
}
Event: 19.010 GC heap after
{Heap after GC invocations=45 (full 0):
 garbage-first heap   total 1572864K, used 708157K [0x0000000615800000, 0x0000000800000000)
  region size 4096K, 2 young (8192K), 2 survivors (8192K)
 Metaspace       used 122168K, committed 123840K, reserved 1179648K
  class space    used 18107K, committed 18880K, reserved 1048576K
}
Event: 19.862 GC heap before
{Heap before GC invocations=45 (full 0):
 garbage-first heap   total 1572864K, used 1089085K [0x0000000615800000, 0x0000000800000000)
  region size 4096K, 95 young (389120K), 2 survivors (8192K)
 Metaspace       used 122909K, committed 124544K, reserved 1179648K
  class space    used 18193K, committed 18944K, reserved 1048576K
}
Event: 19.866 GC heap after
{Heap after GC invocations=46 (full 0):
 garbage-first heap   total 1572864K, used 709163K [0x0000000615800000, 0x0000000800000000)
  region size 4096K, 3 young (12288K), 3 survivors (12288K)
 Metaspace       used 122909K, committed 124544K, reserved 1179648K
  class space    used 18193K, committed 18944K, reserved 1048576K
}
Event: 20.553 GC heap before
{Heap before GC invocations=46 (full 0):
 garbage-first heap   total 1572864K, used 1118763K [0x0000000615800000, 0x0000000800000000)
  region size 4096K, 103 young (421888K), 3 survivors (12288K)
 Metaspace       used 123189K, committed 124864K, reserved 1179648K
  class space    used 18209K, committed 18944K, reserved 1048576K
}
Event: 20.559 GC heap after
{Heap after GC invocations=47 (full 0):
 garbage-first heap   total 1572864K, used 720305K [0x0000000615800000, 0x0000000800000000)
  region size 4096K, 5 young (20480K), 5 survivors (20480K)
 Metaspace       used 123189K, committed 124864K, reserved 1179648K
  class space    used 18209K, committed 18944K, reserved 1048576K
}
Event: 21.375 GC heap before
{Heap before GC invocations=47 (full 0):
 garbage-first heap   total 1572864K, used 1162673K [0x0000000615800000, 0x0000000800000000)
  region size 4096K, 113 young (462848K), 5 survivors (20480K)
 Metaspace       used 123517K, committed 125184K, reserved 1179648K
  class space    used 18228K, committed 18944K, reserved 1048576K
}

