# JRE version: OpenJDK Runtime Environment JBR-17.0.9+7-1087.7-nomod (17.0.9+7) (build 17.0.9+7-b1087.7)
# Java VM: OpenJDK 64-Bit Server VM JBR-17.0.9+7-1087.7-nomod (17.0.9+7-b1087.7, mixed mode, tiered, compressed oops, compressed class ptrs, g1 gc, linux-amd64)
GC Precious Log:
 CPUs: 32 total, 12 available
 Memory: 31376M
 Large Page Support: Disabled
 NUMA Support: Disabled
 Compressed Oops: Enabled (Zero based)
 Heap Region Size: 4M
 Heap Min Capacity: 8M
 Heap Initial Capacity: 492M
 Heap Max Capacity: 7848M
 Pre-touch: Disabled
 Parallel Workers: 10
 Concurrent Workers: 3
 Concurrent Refinement Workers: 10
 Periodic GC: Disabled
Heap:
 garbage-first heap   total 843776K, used 672291K [0x0000000615800000, 0x0000000800000000)
  region size 4096K, 82 young (335872K), 10 survivors (40960K)
 Metaspace       used 122041K, committed 123648K, reserved 1179648K
  class space    used 18075K, committed 18752K, reserved 1048576K
GC Heap History (20 events):
Event: 9.811 GC heap after
{Heap after GC invocations=26 (full 0):
 garbage-first heap   total 684032K, used 234726K [0x0000000615800000, 0x0000000800000000)
  region size 4096K, 5 young (20480K), 5 survivors (20480K)
 Metaspace       used 103368K, committed 104832K, reserved 1179648K
  class space    used 15243K, committed 15872K, reserved 1048576K
}
Event: 10.387 GC heap before
{Heap before GC invocations=26 (full 0):
 garbage-first heap   total 684032K, used 554214K [0x0000000615800000, 0x0000000800000000)
  region size 4096K, 84 young (344064K), 5 survivors (20480K)
 Metaspace       used 103988K, committed 105472K, reserved 1179648K
  class space    used 15318K, committed 16000K, reserved 1048576K
}
Event: 10.399 GC heap after
{Heap after GC invocations=27 (full 0):
 garbage-first heap   total 684032K, used 250684K [0x0000000615800000, 0x0000000800000000)
  region size 4096K, 9 young (36864K), 9 survivors (36864K)
 Metaspace       used 103988K, committed 105472K, reserved 1179648K
  class space    used 15318K, committed 16000K, reserved 1048576K
}
Event: 14.103 GC heap before
{Heap before GC invocations=27 (full 0):
 garbage-first heap   total 684032K, used 549692K [0x0000000615800000, 0x0000000800000000)
  region size 4096K, 83 young (339968K), 9 survivors (36864K)
 Metaspace       used 108709K, committed 110208K, reserved 1179648K
  class space    used 16040K, committed 16704K, reserved 1048576K
}
Event: 14.127 GC heap after
{Heap after GC invocations=28 (full 0):
 garbage-first heap   total 684032K, used 294718K [0x0000000615800000, 0x0000000800000000)
  region size 4096K, 11 young (45056K), 11 survivors (45056K)
 Metaspace       used 108709K, committed 110208K, reserved 1179648K
  class space    used 16040K, committed 16704K, reserved 1048576K
}
Event: 15.834 GC heap before
{Heap before GC invocations=28 (full 0):
 garbage-first heap   total 684032K, used 544574K [0x0000000615800000, 0x0000000800000000)
  region size 4096K, 72 young (294912K), 11 survivors (45056K)
 Metaspace       used 113928K, committed 115456K, reserved 1179648K
  class space    used 17012K, committed 17664K, reserved 1048576K
}
Event: 15.850 GC heap after
{Heap after GC invocations=29 (full 0):
 garbage-first heap   total 684032K, used 311213K [0x0000000615800000, 0x0000000800000000)
  region size 4096K, 4 young (16384K), 4 survivors (16384K)
 Metaspace       used 113928K, committed 115456K, reserved 1179648K
  class space    used 17012K, committed 17664K, reserved 1048576K
}
Event: 16.006 GC heap before
{Heap before GC invocations=29 (full 0):
 garbage-first heap   total 684032K, used 548781K [0x0000000615800000, 0x0000000800000000)
  region size 4096K, 63 young (258048K), 4 survivors (16384K)
 Metaspace       used 114700K, committed 116288K, reserved 1179648K
  class space    used 17161K, committed 17856K, reserved 1048576K
}
Event: 16.013 GC heap after
{Heap after GC invocations=30 (full 0):
 garbage-first heap   total 684032K, used 319821K [0x0000000615800000, 0x0000000800000000)
  region size 4096K, 6 young (24576K), 6 survivors (24576K)
 Metaspace       used 114700K, committed 116288K, reserved 1179648K
  class space    used 17161K, committed 17856K, reserved 1048576K
}
Event: 16.584 GC heap before
{Heap before GC invocations=30 (full 0):
 garbage-first heap   total 684032K, used 557389K [0x0000000615800000, 0x0000000800000000)
  region size 4096K, 64 young (262144K), 6 survivors (24576K)
 Metaspace       used 116248K, committed 117824K, reserved 1179648K
  class space    used 17309K, committed 17984K, reserved 1048576K
}
Event: 16.592 GC heap after
{Heap after GC invocations=31 (full 0):
 garbage-first heap   total 684032K, used 319200K [0x0000000615800000, 0x0000000800000000)
  region size 4096K, 4 young (16384K), 4 survivors (16384K)
 Metaspace       used 116248K, committed 117824K, reserved 1179648K
  class space    used 17309K, committed 17984K, reserved 1048576K
}
Event: 18.076 GC heap before
{Heap before GC invocations=31 (full 0):
 garbage-first heap   total 684032K, used 560864K [0x0000000615800000, 0x0000000800000000)
  region size 4096K, 63 young (258048K), 4 survivors (16384K)
 Metaspace       used 120595K, committed 122176K, reserved 1179648K
  class space    used 17869K, committed 18560K, reserved 1048576K
}
Event: 18.087 GC heap after
{Heap after GC invocations=32 (full 0):
 garbage-first heap   total 843776K, used 337169K [0x0000000615800000, 0x0000000800000000)
  region size 4096K, 8 young (32768K), 8 survivors (32768K)
 Metaspace       used 120595K, committed 122176K, reserved 1179648K
  class space    used 17869K, committed 18560K, reserved 1048576K
}
Event: 18.324 GC heap before
{Heap before GC invocations=32 (full 0):
 garbage-first heap   total 843776K, used 480529K [0x0000000615800000, 0x0000000800000000)
  region size 4096K, 44 young (180224K), 8 survivors (32768K)
 Metaspace       used 120922K, committed 122560K, reserved 1179648K
  class space    used 17910K, committed 18560K, reserved 1048576K
}
Event: 18.334 GC heap after
{Heap after GC invocations=33 (full 0):
 garbage-first heap   total 843776K, used 339588K [0x0000000615800000, 0x0000000800000000)
  region size 4096K, 6 young (24576K), 6 survivors (24576K)
 Metaspace       used 120922K, committed 122560K, reserved 1179648K
  class space    used 17910K, committed 18560K, reserved 1048576K
}
Event: 19.291 GC heap before
{Heap before GC invocations=34 (full 0):
 garbage-first heap   total 843776K, used 691844K [0x0000000615800000, 0x0000000800000000)
  region size 4096K, 92 young (376832K), 6 survivors (24576K)
 Metaspace       used 122010K, committed 123584K, reserved 1179648K
  class space    used 18075K, committed 18752K, reserved 1048576K
}
Event: 19.310 GC heap after
{Heap after GC invocations=35 (full 0):
 garbage-first heap   total 843776K, used 372770K [0x0000000615800000, 0x0000000800000000)
  region size 4096K, 12 young (49152K), 12 survivors (49152K)
 Metaspace       used 122010K, committed 123584K, reserved 1179648K
  class space    used 18075K, committed 18752K, reserved 1048576K
}
Event: 19.315 GC heap before
{Heap before GC invocations=35 (full 0):
 garbage-first heap   total 843776K, used 376866K [0x0000000615800000, 0x0000000800000000)
  region size 4096K, 13 young (53248K), 12 survivors (49152K)
 Metaspace       used 122010K, committed 123584K, reserved 1179648K
  class space    used 18075K, committed 18752K, reserved 1048576K
}
Event: 19.329 GC heap after
{Heap after GC invocations=36 (full 0):
 garbage-first heap   total 843776K, used 377379K [0x0000000615800000, 0x0000000800000000)
  region size 4096K, 2 young (8192K), 2 survivors (8192K)
 Metaspace       used 122010K, committed 123584K, reserved 1179648K
  class space    used 18075K, committed 18752K, reserved 1048576K
}
Event: 19.560 GC heap before
{Heap before GC invocations=36 (full 0):
 garbage-first heap   total 843776K, used 672291K [0x0000000615800000, 0x0000000800000000)
  region size 4096K, 74 young (303104K), 2 survivors (8192K)
 Metaspace       used 122041K, committed 123648K, reserved 1179648K
  class space    used 18075K, committed 18752K, reserved 1048576K
}

