# JRE version: OpenJDK Runtime Environment JBR-17.0.9+7-1087.7-nomod (17.0.9+7) (build 17.0.9+7-b1087.7)
# Java VM: OpenJDK 64-Bit Server VM JBR-17.0.9+7-1087.7-nomod (17.0.9+7-b1087.7, mixed mode, tiered, compressed oops, compressed class ptrs, g1 gc, linux-amd64)
GC Precious Log:
 CPUs: 32 total, 12 available
 Memory: 31376M
 Large Page Support: Disabled
 NUMA Support: Disabled
 Compressed Oops: Enabled (Zero based)
 Heap Region Size: 4M
 Heap Min Capacity: 8M
 Heap Initial Capacity: 492M
 Heap Max Capacity: 7848M
 Pre-touch: Disabled
 Parallel Workers: 10
 Concurrent Workers: 3
 Concurrent Refinement Workers: 10
 Periodic GC: Disabled
Heap:
 garbage-first heap   total 1761280K, used 1238447K [0x0000000615800000, 0x0000000800000000)
  region size 4096K, 160 young (655360K), 4 survivors (16384K)
 Metaspace       used 123416K, committed 125056K, reserved 1179648K
  class space    used 18232K, committed 18944K, reserved 1048576K
GC Heap History (20 events):
Event: 10.285 GC heap after
{Heap after GC invocations=35 (full 0):
 garbage-first heap   total 729088K, used 278038K [0x0000000615800000, 0x0000000800000000)
  region size 4096K, 2 young (8192K), 2 survivors (8192K)
 Metaspace       used 103667K, committed 105152K, reserved 1179648K
  class space    used 15302K, committed 16000K, reserved 1048576K
}
Event: 14.038 GC heap before
{Heap before GC invocations=35 (full 0):
 garbage-first heap   total 729088K, used 568854K [0x0000000615800000, 0x0000000800000000)
  region size 4096K, 74 young (303104K), 2 survivors (8192K)
 Metaspace       used 108902K, committed 110464K, reserved 1179648K
  class space    used 16108K, committed 16768K, reserved 1048576K
}
Event: 14.049 GC heap after
{Heap after GC invocations=36 (full 0):
 garbage-first heap   total 729088K, used 298743K [0x0000000615800000, 0x0000000800000000)
  region size 4096K, 7 young (28672K), 7 survivors (28672K)
 Metaspace       used 108902K, committed 110464K, reserved 1179648K
  class space    used 16108K, committed 16768K, reserved 1048576K
}
Event: 14.410 GC heap before
{Heap before GC invocations=36 (full 0):
 garbage-first heap   total 729088K, used 577271K [0x0000000615800000, 0x0000000800000000)
  region size 4096K, 75 young (307200K), 7 survivors (28672K)
 Metaspace       used 112737K, committed 114304K, reserved 1179648K
  class space    used 16854K, committed 17536K, reserved 1048576K
}
Event: 14.421 GC heap after
{Heap after GC invocations=37 (full 0):
 garbage-first heap   total 729088K, used 313953K [0x0000000615800000, 0x0000000800000000)
  region size 4096K, 4 young (16384K), 4 survivors (16384K)
 Metaspace       used 112737K, committed 114304K, reserved 1179648K
  class space    used 16854K, committed 17536K, reserved 1048576K
}
Event: 14.974 GC heap before
{Heap before GC invocations=37 (full 0):
 garbage-first heap   total 729088K, used 584289K [0x0000000615800000, 0x0000000800000000)
  region size 4096K, 70 young (286720K), 4 survivors (16384K)
 Metaspace       used 115091K, committed 116608K, reserved 1179648K
  class space    used 17158K, committed 17792K, reserved 1048576K
}
Event: 14.980 GC heap after
{Heap after GC invocations=38 (full 0):
 garbage-first heap   total 729088K, used 311907K [0x0000000615800000, 0x0000000800000000)
  region size 4096K, 4 young (16384K), 4 survivors (16384K)
 Metaspace       used 115091K, committed 116608K, reserved 1179648K
  class space    used 17158K, committed 17792K, reserved 1048576K
}
Event: 25.412 GC heap before
{Heap before GC invocations=38 (full 0):
 garbage-first heap   total 729088K, used 590435K [0x0000000615800000, 0x0000000800000000)
  region size 4096K, 72 young (294912K), 4 survivors (16384K)
 Metaspace       used 119621K, committed 121216K, reserved 1179648K
  class space    used 17768K, committed 18496K, reserved 1048576K
}
Event: 25.423 GC heap after
{Heap after GC invocations=39 (full 0):
 garbage-first heap   total 729088K, used 329092K [0x0000000615800000, 0x0000000800000000)
  region size 4096K, 8 young (32768K), 8 survivors (32768K)
 Metaspace       used 119621K, committed 121216K, reserved 1179648K
  class space    used 17768K, committed 18496K, reserved 1048576K
}
Event: 26.538 GC heap before
{Heap before GC invocations=39 (full 0):
 garbage-first heap   total 729088K, used 591236K [0x0000000615800000, 0x0000000800000000)
  region size 4096K, 72 young (294912K), 8 survivors (32768K)
 Metaspace       used 121645K, committed 123328K, reserved 1179648K
  class space    used 18027K, committed 18752K, reserved 1048576K
}
Event: 26.549 GC heap after
{Heap after GC invocations=40 (full 0):
 garbage-first heap   total 729088K, used 336371K [0x0000000615800000, 0x0000000800000000)
  region size 4096K, 7 young (28672K), 7 survivors (28672K)
 Metaspace       used 121645K, committed 123328K, reserved 1179648K
  class space    used 18027K, committed 18752K, reserved 1048576K
}
Event: 27.093 GC heap before
{Heap before GC invocations=40 (full 0):
 garbage-first heap   total 729088K, used 594419K [0x0000000615800000, 0x0000000800000000)
  region size 4096K, 70 young (286720K), 7 survivors (28672K)
 Metaspace       used 122259K, committed 123904K, reserved 1179648K
  class space    used 18103K, committed 18816K, reserved 1048576K
}
Event: 27.117 GC heap after
{Heap after GC invocations=41 (full 0):
 garbage-first heap   total 729088K, used 375203K [0x0000000615800000, 0x0000000800000000)
  region size 4096K, 9 young (36864K), 9 survivors (36864K)
 Metaspace       used 122259K, committed 123904K, reserved 1179648K
  class space    used 18103K, committed 18816K, reserved 1048576K
}
Event: 27.292 GC heap before
{Heap before GC invocations=41 (full 0):
 garbage-first heap   total 729088K, used 580003K [0x0000000615800000, 0x0000000800000000)
  region size 4096K, 59 young (241664K), 9 survivors (36864K)
 Metaspace       used 122263K, committed 123968K, reserved 1179648K
  class space    used 18103K, committed 18816K, reserved 1048576K
}
Event: 27.339 GC heap after
{Heap after GC invocations=42 (full 0):
 garbage-first heap   total 1761280K, used 472167K [0x0000000615800000, 0x0000000800000000)
  region size 4096K, 8 young (32768K), 8 survivors (32768K)
 Metaspace       used 122263K, committed 123968K, reserved 1179648K
  class space    used 18103K, committed 18816K, reserved 1048576K
}
Event: 28.757 GC heap before
{Heap before GC invocations=43 (full 0):
 garbage-first heap   total 1761280K, used 1221735K [0x0000000615800000, 0x0000000800000000)
  region size 4096K, 191 young (782336K), 8 survivors (32768K)
 Metaspace       used 122701K, committed 124288K, reserved 1179648K
  class space    used 18135K, committed 18816K, reserved 1048576K
}
Event: 28.803 GC heap after
{Heap after GC invocations=44 (full 0):
 garbage-first heap   total 1761280K, used 583678K [0x0000000615800000, 0x0000000800000000)
  region size 4096K, 24 young (98304K), 24 survivors (98304K)
 Metaspace       used 122701K, committed 124288K, reserved 1179648K
  class space    used 18135K, committed 18816K, reserved 1048576K
}
Event: 28.805 GC heap before
{Heap before GC invocations=44 (full 0):
 garbage-first heap   total 1761280K, used 587774K [0x0000000615800000, 0x0000000800000000)
  region size 4096K, 25 young (102400K), 24 survivors (98304K)
 Metaspace       used 122701K, committed 124288K, reserved 1179648K
  class space    used 18135K, committed 18816K, reserved 1048576K
}
Event: 28.834 GC heap after
{Heap after GC invocations=45 (full 0):
 garbage-first heap   total 1761280K, used 599471K [0x0000000615800000, 0x0000000800000000)
  region size 4096K, 4 young (16384K), 4 survivors (16384K)
 Metaspace       used 122701K, committed 124288K, reserved 1179648K
  class space    used 18135K, committed 18816K, reserved 1048576K
}
Event: 29.783 GC heap before
{Heap before GC invocations=45 (full 0):
 garbage-first heap   total 1761280K, used 1238447K [0x0000000615800000, 0x0000000800000000)
  region size 4096K, 160 young (655360K), 4 survivors (16384K)
 Metaspace       used 123416K, committed 125056K, reserved 1179648K
  class space    used 18232K, committed 18944K, reserved 1048576K
}

