# JRE version: OpenJDK Runtime Environment JBR-17.0.9+7-1087.7-nomod (17.0.9+7) (build 17.0.9+7-b1087.7)
# Java VM: OpenJDK 64-Bit Server VM JBR-17.0.9+7-1087.7-nomod (17.0.9+7-b1087.7, mixed mode, tiered, compressed oops, compressed class ptrs, g1 gc, linux-amd64)
GC Precious Log:
 CPUs: 32 total, 12 available
 Memory: 31376M
 Large Page Support: Disabled
 NUMA Support: Disabled
 Compressed Oops: Enabled (Zero based)
 Heap Region Size: 4M
 Heap Min Capacity: 8M
 Heap Initial Capacity: 492M
 Heap Max Capacity: 7848M
 Pre-touch: Disabled
 Parallel Workers: 10
 Concurrent Workers: 3
 Concurrent Refinement Workers: 10
 Periodic GC: Disabled
Heap:
 garbage-first heap   total 1732608K, used 1328874K [0x0000000615800000, 0x0000000800000000)
  region size 4096K, 175 young (716800K), 11 survivors (45056K)
 Metaspace       used 124087K, committed 125760K, reserved 1179648K
  class space    used 18266K, committed 19008K, reserved 1048576K
GC Heap History (20 events):
Event: 9.391 GC heap after
{Heap after GC invocations=24 (full 0):
 garbage-first heap   total 684032K, used 218067K [0x0000000615800000, 0x0000000800000000)
  region size 4096K, 11 young (45056K), 11 survivors (45056K)
 Metaspace       used 102764K, committed 104256K, reserved 1179648K
  class space    used 15175K, committed 15808K, reserved 1048576K
}
Event: 9.394 GC heap before
{Heap before GC invocations=24 (full 0):
 garbage-first heap   total 684032K, used 218067K [0x0000000615800000, 0x0000000800000000)
  region size 4096K, 12 young (49152K), 11 survivors (45056K)
 Metaspace       used 102774K, committed 104256K, reserved 1179648K
  class space    used 15175K, committed 15808K, reserved 1048576K
}
Event: 9.405 GC heap after
{Heap after GC invocations=25 (full 0):
 garbage-first heap   total 684032K, used 221507K [0x0000000615800000, 0x0000000800000000)
  region size 4096K, 2 young (8192K), 2 survivors (8192K)
 Metaspace       used 102774K, committed 104256K, reserved 1179648K
  class space    used 15175K, committed 15808K, reserved 1048576K
}
Event: 9.633 GC heap before
{Heap before GC invocations=25 (full 0):
 garbage-first heap   total 684032K, used 545091K [0x0000000615800000, 0x0000000800000000)
  region size 4096K, 82 young (335872K), 2 survivors (8192K)
 Metaspace       used 103360K, committed 104832K, reserved 1179648K
  class space    used 15261K, committed 15872K, reserved 1048576K
}
Event: 9.638 GC heap after
{Heap after GC invocations=26 (full 0):
 garbage-first heap   total 684032K, used 236275K [0x0000000615800000, 0x0000000800000000)
  region size 4096K, 6 young (24576K), 6 survivors (24576K)
 Metaspace       used 103360K, committed 104832K, reserved 1179648K
  class space    used 15261K, committed 15872K, reserved 1048576K
}
Event: 10.048 GC heap before
{Heap before GC invocations=26 (full 0):
 garbage-first heap   total 684032K, used 547571K [0x0000000615800000, 0x0000000800000000)
  region size 4096K, 82 young (335872K), 6 survivors (24576K)
 Metaspace       used 103857K, committed 105408K, reserved 1179648K
  class space    used 15308K, committed 16000K, reserved 1048576K
}
Event: 10.058 GC heap after
{Heap after GC invocations=27 (full 0):
 garbage-first heap   total 684032K, used 247831K [0x0000000615800000, 0x0000000800000000)
  region size 4096K, 8 young (32768K), 8 survivors (32768K)
 Metaspace       used 103857K, committed 105408K, reserved 1179648K
  class space    used 15308K, committed 16000K, reserved 1048576K
}
Event: 10.871 GC heap before
{Heap before GC invocations=27 (full 0):
 garbage-first heap   total 684032K, used 550935K [0x0000000615800000, 0x0000000800000000)
  region size 4096K, 83 young (339968K), 8 survivors (32768K)
 Metaspace       used 105663K, committed 107200K, reserved 1179648K
  class space    used 15576K, committed 16256K, reserved 1048576K
}
Event: 10.898 GC heap after
{Heap after GC invocations=28 (full 0):
 garbage-first heap   total 684032K, used 287745K [0x0000000615800000, 0x0000000800000000)
  region size 4096K, 11 young (45056K), 11 survivors (45056K)
 Metaspace       used 105663K, committed 107200K, reserved 1179648K
  class space    used 15576K, committed 16256K, reserved 1048576K
}
Event: 16.769 GC heap before
{Heap before GC invocations=28 (full 0):
 garbage-first heap   total 684032K, used 541697K [0x0000000615800000, 0x0000000800000000)
  region size 4096K, 73 young (299008K), 11 survivors (45056K)
 Metaspace       used 111889K, committed 113408K, reserved 1179648K
  class space    used 16628K, committed 17280K, reserved 1048576K
}
Event: 16.784 GC heap after
{Heap after GC invocations=29 (full 0):
 garbage-first heap   total 1732608K, used 303710K [0x0000000615800000, 0x0000000800000000)
  region size 4096K, 4 young (16384K), 4 survivors (16384K)
 Metaspace       used 111889K, committed 113408K, reserved 1179648K
  class space    used 16628K, committed 17280K, reserved 1048576K
}
Event: 19.226 GC heap before
{Heap before GC invocations=29 (full 0):
 garbage-first heap   total 1732608K, used 1323614K [0x0000000615800000, 0x0000000800000000)
  region size 4096K, 253 young (1036288K), 4 survivors (16384K)
 Metaspace       used 119888K, committed 121536K, reserved 1179648K
  class space    used 17791K, committed 18496K, reserved 1048576K
}
Event: 19.303 GC heap after
{Heap after GC invocations=30 (full 0):
 garbage-first heap   total 1732608K, used 506753K [0x0000000615800000, 0x0000000800000000)
  region size 4096K, 32 young (131072K), 32 survivors (131072K)
 Metaspace       used 119888K, committed 121536K, reserved 1179648K
  class space    used 17791K, committed 18496K, reserved 1048576K
}
Event: 21.018 GC heap before
{Heap before GC invocations=30 (full 0):
 garbage-first heap   total 1732608K, used 1239937K [0x0000000615800000, 0x0000000800000000)
  region size 4096K, 211 young (864256K), 32 survivors (131072K)
 Metaspace       used 122725K, committed 124416K, reserved 1179648K
  class space    used 18143K, committed 18880K, reserved 1048576K
}
Event: 21.101 GC heap after
{Heap after GC invocations=31 (full 0):
 garbage-first heap   total 1732608K, used 618496K [0x0000000615800000, 0x0000000800000000)
  region size 4096K, 27 young (110592K), 27 survivors (110592K)
 Metaspace       used 122725K, committed 124416K, reserved 1179648K
  class space    used 18143K, committed 18880K, reserved 1048576K
}
Event: 22.409 GC heap before
{Heap before GC invocations=31 (full 0):
 garbage-first heap   total 1732608K, used 1232896K [0x0000000615800000, 0x0000000800000000)
  region size 4096K, 177 young (724992K), 27 survivors (110592K)
 Metaspace       used 123516K, committed 125184K, reserved 1179648K
  class space    used 18230K, committed 18944K, reserved 1048576K
}
Event: 22.440 GC heap after
{Heap after GC invocations=32 (full 0):
 garbage-first heap   total 1732608K, used 651264K [0x0000000615800000, 0x0000000800000000)
  region size 4096K, 7 young (28672K), 7 survivors (28672K)
 Metaspace       used 123516K, committed 125184K, reserved 1179648K
  class space    used 18230K, committed 18944K, reserved 1048576K
}
Event: 23.366 GC heap before
{Heap before GC invocations=32 (full 0):
 garbage-first heap   total 1732608K, used 1290240K [0x0000000615800000, 0x0000000800000000)
  region size 4096K, 163 young (667648K), 7 survivors (28672K)
 Metaspace       used 123916K, committed 125568K, reserved 1179648K
  class space    used 18256K, committed 19008K, reserved 1048576K
}
Event: 23.373 GC heap after
{Heap after GC invocations=33 (full 0):
 garbage-first heap   total 1732608K, used 657130K [0x0000000615800000, 0x0000000800000000)
  region size 4096K, 8 young (32768K), 8 survivors (32768K)
 Metaspace       used 123916K, committed 125568K, reserved 1179648K
  class space    used 18256K, committed 19008K, reserved 1048576K
}
Event: 24.210 GC heap before
{Heap before GC invocations=33 (full 0):
 garbage-first heap   total 1732608K, used 1324778K [0x0000000615800000, 0x0000000800000000)
  region size 4096K, 172 young (704512K), 8 survivors (32768K)
 Metaspace       used 124087K, committed 125760K, reserved 1179648K
  class space    used 18266K, committed 19008K, reserved 1048576K
}

