# JRE version: OpenJDK Runtime Environment JBR-17.0.9+7-1087.7-nomod (17.0.9+7) (build 17.0.9+7-b1087.7)
# Java VM: OpenJDK 64-Bit Server VM JBR-17.0.9+7-1087.7-nomod (17.0.9+7-b1087.7, mixed mode, tiered, compressed oops, compressed class ptrs, g1 gc, linux-amd64)
GC Precious Log:
 CPUs: 32 total, 12 available
 Memory: 31376M
 Large Page Support: Disabled
 NUMA Support: Disabled
 Compressed Oops: Enabled (Zero based)
 Heap Region Size: 4M
 Heap Min Capacity: 8M
 Heap Initial Capacity: 492M
 Heap Max Capacity: 7848M
 Pre-touch: Disabled
 Parallel Workers: 10
 Concurrent Workers: 3
 Concurrent Refinement Workers: 10
 Periodic GC: Disabled
Heap:
 garbage-first heap   total 1142784K, used 407068K [0x0000000615800000, 0x0000000800000000)
  region size 4096K, 39 young (159744K), 3 survivors (12288K)
 Metaspace       used 103972K, committed 105408K, reserved 1179648K
  class space    used 15282K, committed 15936K, reserved 1048576K
GC Heap History (20 events):
Event: 4.691 GC heap before
{Heap before GC invocations=16 (full 0):
 garbage-first heap   total 557056K, used 428680K [0x0000000615800000, 0x0000000800000000)
  region size 4096K, 81 young (331776K), 2 survivors (8192K)
 Metaspace       used 54404K, committed 55552K, reserved 1114112K
  class space    used 6651K, committed 7168K, reserved 1048576K
}
Event: 4.695 GC heap after
{Heap after GC invocations=17 (full 0):
 garbage-first heap   total 557056K, used 112272K [0x0000000615800000, 0x0000000800000000)
  region size 4096K, 3 young (12288K), 3 survivors (12288K)
 Metaspace       used 54404K, committed 55552K, reserved 1114112K
  class space    used 6651K, committed 7168K, reserved 1048576K
}
Event: 5.324 GC heap before
{Heap before GC invocations=17 (full 0):
 garbage-first heap   total 557056K, used 431760K [0x0000000615800000, 0x0000000800000000)
  region size 4096K, 81 young (331776K), 3 survivors (12288K)
 Metaspace       used 58324K, committed 59520K, reserved 1114112K
  class space    used 7278K, committed 7808K, reserved 1048576K
}
Event: 5.341 GC heap after
{Heap after GC invocations=18 (full 0):
 garbage-first heap   total 557056K, used 146211K [0x0000000615800000, 0x0000000800000000)
  region size 4096K, 11 young (45056K), 11 survivors (45056K)
 Metaspace       used 58324K, committed 59520K, reserved 1114112K
  class space    used 7278K, committed 7808K, reserved 1048576K
}
Event: 5.601 GC heap before
{Heap before GC invocations=18 (full 0):
 garbage-first heap   total 557056K, used 228131K [0x0000000615800000, 0x0000000800000000)
  region size 4096K, 32 young (131072K), 11 survivors (45056K)
 Metaspace       used 59294K, committed 60480K, reserved 1114112K
  class space    used 7398K, committed 7936K, reserved 1048576K
}
Event: 5.616 GC heap after
{Heap after GC invocations=19 (full 0):
 garbage-first heap   total 557056K, used 156044K [0x0000000615800000, 0x0000000800000000)
  region size 4096K, 3 young (12288K), 3 survivors (12288K)
 Metaspace       used 59294K, committed 60480K, reserved 1114112K
  class space    used 7398K, committed 7936K, reserved 1048576K
}
Event: 6.896 GC heap before
{Heap before GC invocations=20 (full 0):
 garbage-first heap   total 548864K, used 434572K [0x0000000615800000, 0x0000000800000000)
  region size 4096K, 71 young (290816K), 3 survivors (12288K)
 Metaspace       used 72250K, committed 73472K, reserved 1114112K
  class space    used 9761K, committed 10304K, reserved 1048576K
}
Event: 6.907 GC heap after
{Heap after GC invocations=21 (full 0):
 garbage-first heap   total 548864K, used 176943K [0x0000000615800000, 0x0000000800000000)
  region size 4096K, 8 young (32768K), 8 survivors (32768K)
 Metaspace       used 72250K, committed 73472K, reserved 1114112K
  class space    used 9761K, committed 10304K, reserved 1048576K
}
Event: 6.915 GC heap before
{Heap before GC invocations=21 (full 0):
 garbage-first heap   total 548864K, used 181039K [0x0000000615800000, 0x0000000800000000)
  region size 4096K, 9 young (36864K), 8 survivors (32768K)
 Metaspace       used 72251K, committed 73472K, reserved 1114112K
  class space    used 9761K, committed 10304K, reserved 1048576K
}
Event: 6.924 GC heap after
{Heap after GC invocations=22 (full 0):
 garbage-first heap   total 548864K, used 177678K [0x0000000615800000, 0x0000000800000000)
  region size 4096K, 1 young (4096K), 1 survivors (4096K)
 Metaspace       used 72251K, committed 73472K, reserved 1114112K
  class space    used 9761K, committed 10304K, reserved 1048576K
}
Event: 8.003 GC heap before
{Heap before GC invocations=22 (full 0):
 garbage-first heap   total 548864K, used 427534K [0x0000000615800000, 0x0000000800000000)
  region size 4096K, 62 young (253952K), 1 survivors (4096K)
 Metaspace       used 82804K, committed 84160K, reserved 1179648K
  class space    used 11957K, committed 12544K, reserved 1048576K
}
Event: 8.011 GC heap after
{Heap after GC invocations=23 (full 0):
 garbage-first heap   total 548864K, used 188899K [0x0000000615800000, 0x0000000800000000)
  region size 4096K, 4 young (16384K), 4 survivors (16384K)
 Metaspace       used 82804K, committed 84160K, reserved 1179648K
  class space    used 11957K, committed 12544K, reserved 1048576K
}
Event: 9.014 GC heap before
{Heap before GC invocations=24 (full 0):
 garbage-first heap   total 548864K, used 426467K [0x0000000615800000, 0x0000000800000000)
  region size 4096K, 63 young (258048K), 4 survivors (16384K)
 Metaspace       used 99842K, committed 101376K, reserved 1179648K
  class space    used 14616K, committed 15296K, reserved 1048576K
}
Event: 9.030 GC heap after
{Heap after GC invocations=25 (full 0):
 garbage-first heap   total 548864K, used 200159K [0x0000000615800000, 0x0000000800000000)
  region size 4096K, 7 young (28672K), 7 survivors (28672K)
 Metaspace       used 99842K, committed 101376K, reserved 1179648K
  class space    used 14616K, committed 15296K, reserved 1048576K
}
Event: 9.189 GC heap before
{Heap before GC invocations=25 (full 0):
 garbage-first heap   total 548864K, used 433631K [0x0000000615800000, 0x0000000800000000)
  region size 4096K, 65 young (266240K), 7 survivors (28672K)
 Metaspace       used 100633K, committed 102144K, reserved 1179648K
  class space    used 14756K, committed 15424K, reserved 1048576K
}
Event: 9.204 GC heap after
{Heap after GC invocations=26 (full 0):
 garbage-first heap   total 1142784K, used 215215K [0x0000000615800000, 0x0000000800000000)
  region size 4096K, 7 young (28672K), 7 survivors (28672K)
 Metaspace       used 100633K, committed 102144K, reserved 1179648K
  class space    used 14756K, committed 15424K, reserved 1048576K
}
Event: 10.120 GC heap before
{Heap before GC invocations=27 (full 0):
 garbage-first heap   total 1142784K, used 866479K [0x0000000615800000, 0x0000000800000000)
  region size 4096K, 167 young (684032K), 7 survivors (28672K)
 Metaspace       used 101595K, committed 103104K, reserved 1179648K
  class space    used 14883K, committed 15552K, reserved 1048576K
}
Event: 10.139 GC heap after
{Heap after GC invocations=28 (full 0):
 garbage-first heap   total 1142784K, used 261834K [0x0000000615800000, 0x0000000800000000)
  region size 4096K, 19 young (77824K), 19 survivors (77824K)
 Metaspace       used 101595K, committed 103104K, reserved 1179648K
  class space    used 14883K, committed 15552K, reserved 1048576K
}
Event: 10.144 GC heap before
{Heap before GC invocations=28 (full 0):
 garbage-first heap   total 1142784K, used 265930K [0x0000000615800000, 0x0000000800000000)
  region size 4096K, 20 young (81920K), 19 survivors (77824K)
 Metaspace       used 101595K, committed 103104K, reserved 1179648K
  class space    used 14883K, committed 15552K, reserved 1048576K
}
Event: 10.158 GC heap after
{Heap after GC invocations=29 (full 0):
 garbage-first heap   total 1142784K, used 267804K [0x0000000615800000, 0x0000000800000000)
  region size 4096K, 3 young (12288K), 3 survivors (12288K)
 Metaspace       used 101595K, committed 103104K, reserved 1179648K
  class space    used 14883K, committed 15552K, reserved 1048576K
}

