# JRE version: OpenJDK Runtime Environment JBR-17.0.9+7-1087.7-nomod (17.0.9+7) (build 17.0.9+7-b1087.7)
# Java VM: OpenJDK 64-Bit Server VM JBR-17.0.9+7-1087.7-nomod (17.0.9+7-b1087.7, mixed mode, tiered, compressed oops, compressed class ptrs, g1 gc, linux-amd64)
GC Precious Log:
 CPUs: 32 total, 12 available
 Memory: 31376M
 Large Page Support: Disabled
 NUMA Support: Disabled
 Compressed Oops: Enabled (Zero based)
 Heap Region Size: 4M
 Heap Min Capacity: 8M
 Heap Initial Capacity: 492M
 Heap Max Capacity: 7848M
 Pre-touch: Disabled
 Parallel Workers: 10
 Concurrent Workers: 3
 Concurrent Refinement Workers: 10
 Periodic GC: Disabled
Heap:
 garbage-first heap   total 1191936K, used 910722K [0x0000000615800000, 0x0000000800000000)
  region size 4096K, 183 young (749568K), 22 survivors (90112K)
 Metaspace       used 113705K, committed 115264K, reserved 1179648K
  class space    used 16986K, committed 17664K, reserved 1048576K
GC Heap History (20 events):
Event: 4.762 GC heap after
{Heap after GC invocations=16 (full 0):
 garbage-first heap   total 540672K, used 120444K [0x0000000615800000, 0x0000000800000000)
  region size 4096K, 4 young (16384K), 4 survivors (16384K)
 Metaspace       used 55411K, committed 56576K, reserved 1114112K
  class space    used 6792K, committed 7296K, reserved 1048576K
}
Event: 5.362 GC heap before
{Heap before GC invocations=16 (full 0):
 garbage-first heap   total 540672K, used 427644K [0x0000000615800000, 0x0000000800000000)
  region size 4096K, 79 young (323584K), 4 survivors (16384K)
 Metaspace       used 58233K, committed 59520K, reserved 1114112K
  class space    used 7258K, committed 7808K, reserved 1048576K
}
Event: 5.379 GC heap after
{Heap after GC invocations=17 (full 0):
 garbage-first heap   total 540672K, used 152722K [0x0000000615800000, 0x0000000800000000)
  region size 4096K, 10 young (40960K), 10 survivors (40960K)
 Metaspace       used 58233K, committed 59520K, reserved 1114112K
  class space    used 7258K, committed 7808K, reserved 1048576K
}
Event: 5.798 GC heap before
{Heap before GC invocations=17 (full 0):
 garbage-first heap   total 540672K, used 238738K [0x0000000615800000, 0x0000000800000000)
  region size 4096K, 32 young (131072K), 10 survivors (40960K)
 Metaspace       used 59399K, committed 60608K, reserved 1114112K
  class space    used 7400K, committed 7936K, reserved 1048576K
}
Event: 5.812 GC heap after
{Heap after GC invocations=18 (full 0):
 garbage-first heap   total 540672K, used 163207K [0x0000000615800000, 0x0000000800000000)
  region size 4096K, 3 young (12288K), 3 survivors (12288K)
 Metaspace       used 59399K, committed 60608K, reserved 1114112K
  class space    used 7400K, committed 7936K, reserved 1048576K
}
Event: 7.003 GC heap before
{Heap before GC invocations=19 (full 0):
 garbage-first heap   total 540672K, used 413063K [0x0000000615800000, 0x0000000800000000)
  region size 4096K, 64 young (262144K), 3 survivors (12288K)
 Metaspace       used 71917K, committed 73152K, reserved 1114112K
  class space    used 9740K, committed 10304K, reserved 1048576K
}
Event: 7.013 GC heap after
{Heap after GC invocations=20 (full 0):
 garbage-first heap   total 540672K, used 183282K [0x0000000615800000, 0x0000000800000000)
  region size 4096K, 8 young (32768K), 8 survivors (32768K)
 Metaspace       used 71917K, committed 73152K, reserved 1114112K
  class space    used 9740K, committed 10304K, reserved 1048576K
}
Event: 7.031 GC heap before
{Heap before GC invocations=20 (full 0):
 garbage-first heap   total 540672K, used 187378K [0x0000000615800000, 0x0000000800000000)
  region size 4096K, 9 young (36864K), 8 survivors (32768K)
 Metaspace       used 72085K, committed 73280K, reserved 1114112K
  class space    used 9751K, committed 10304K, reserved 1048576K
}
Event: 7.039 GC heap after
{Heap after GC invocations=21 (full 0):
 garbage-first heap   total 540672K, used 183649K [0x0000000615800000, 0x0000000800000000)
  region size 4096K, 1 young (4096K), 1 survivors (4096K)
 Metaspace       used 72085K, committed 73280K, reserved 1114112K
  class space    used 9751K, committed 10304K, reserved 1048576K
}
Event: 7.896 GC heap before
{Heap before GC invocations=21 (full 0):
 garbage-first heap   total 540672K, used 417121K [0x0000000615800000, 0x0000000800000000)
  region size 4096K, 58 young (237568K), 1 survivors (4096K)
 Metaspace       used 79665K, committed 80960K, reserved 1179648K
  class space    used 11317K, committed 11904K, reserved 1048576K
}
Event: 7.903 GC heap after
{Heap after GC invocations=22 (full 0):
 garbage-first heap   total 540672K, used 191569K [0x0000000615800000, 0x0000000800000000)
  region size 4096K, 3 young (12288K), 3 survivors (12288K)
 Metaspace       used 79665K, committed 80960K, reserved 1179648K
  class space    used 11317K, committed 11904K, reserved 1048576K
}
Event: 9.091 GC heap before
{Heap before GC invocations=23 (full 0):
 garbage-first heap   total 540672K, used 425041K [0x0000000615800000, 0x0000000800000000)
  region size 4096K, 60 young (245760K), 3 survivors (12288K)
 Metaspace       used 97710K, committed 99200K, reserved 1179648K
  class space    used 14333K, committed 14976K, reserved 1048576K
}
Event: 9.103 GC heap after
{Heap after GC invocations=24 (full 0):
 garbage-first heap   total 540672K, used 206164K [0x0000000615800000, 0x0000000800000000)
  region size 4096K, 7 young (28672K), 7 survivors (28672K)
 Metaspace       used 97710K, committed 99200K, reserved 1179648K
  class space    used 14333K, committed 14976K, reserved 1048576K
}
Event: 9.128 GC heap before
{Heap before GC invocations=24 (full 0):
 garbage-first heap   total 540672K, used 210260K [0x0000000615800000, 0x0000000800000000)
  region size 4096K, 8 young (32768K), 7 survivors (28672K)
 Metaspace       used 98088K, committed 99520K, reserved 1179648K
  class space    used 14350K, committed 14976K, reserved 1048576K
}
Event: 9.137 GC heap after
{Heap after GC invocations=25 (full 0):
 garbage-first heap   total 540672K, used 205690K [0x0000000615800000, 0x0000000800000000)
  region size 4096K, 1 young (4096K), 1 survivors (4096K)
 Metaspace       used 98088K, committed 99520K, reserved 1179648K
  class space    used 14350K, committed 14976K, reserved 1048576K
}
Event: 9.492 GC heap before
{Heap before GC invocations=25 (full 0):
 garbage-first heap   total 540672K, used 426874K [0x0000000615800000, 0x0000000800000000)
  region size 4096K, 55 young (225280K), 1 survivors (4096K)
 Metaspace       used 102718K, committed 104128K, reserved 1179648K
  class space    used 15194K, committed 15808K, reserved 1048576K
}
Event: 9.500 GC heap after
{Heap after GC invocations=26 (full 0):
 garbage-first heap   total 1191936K, used 218212K [0x0000000615800000, 0x0000000800000000)
  region size 4096K, 5 young (20480K), 5 survivors (20480K)
 Metaspace       used 102718K, committed 104128K, reserved 1179648K
  class space    used 15194K, committed 15808K, reserved 1048576K
}
Event: 10.345 GC heap before
{Heap before GC invocations=26 (full 0):
 garbage-first heap   total 1191936K, used 906340K [0x0000000615800000, 0x0000000800000000)
  region size 4096K, 174 young (712704K), 5 survivors (20480K)
 Metaspace       used 103834K, committed 105344K, reserved 1179648K
  class space    used 15320K, committed 16000K, reserved 1048576K
}
Event: 10.359 GC heap after
{Heap after GC invocations=27 (full 0):
 garbage-first heap   total 1191936K, used 251266K [0x0000000615800000, 0x0000000800000000)
  region size 4096K, 13 young (53248K), 13 survivors (53248K)
 Metaspace       used 103834K, committed 105344K, reserved 1179648K
  class space    used 15320K, committed 16000K, reserved 1048576K
}
Event: 15.330 GC heap before
{Heap before GC invocations=27 (full 0):
 garbage-first heap   total 1191936K, used 906626K [0x0000000615800000, 0x0000000800000000)
  region size 4096K, 174 young (712704K), 13 survivors (53248K)
 Metaspace       used 113705K, committed 115264K, reserved 1179648K
  class space    used 16986K, committed 17664K, reserved 1048576K
}

