# JRE version: OpenJDK Runtime Environment JBR-17.0.9+7-1087.7-nomod (17.0.9+7) (build 17.0.9+7-b1087.7)
# Java VM: OpenJDK 64-Bit Server VM JBR-17.0.9+7-1087.7-nomod (17.0.9+7-b1087.7, mixed mode, tiered, compressed oops, compressed class ptrs, g1 gc, linux-amd64)
GC Precious Log:
 CPUs: 32 total, 12 available
 Memory: 31376M
 Large Page Support: Disabled
 NUMA Support: Disabled
 Compressed Oops: Enabled (Zero based)
 Heap Region Size: 4M
 Heap Min Capacity: 8M
 Heap Initial Capacity: 492M
 Heap Max Capacity: 7848M
 Pre-touch: Disabled
 Parallel Workers: 10
 Concurrent Workers: 3
 Concurrent Refinement Workers: 10
 Periodic GC: Disabled
Heap:
 garbage-first heap   total 258048K, used 119938K [0x0000000615800000, 0x0000000800000000)
  region size 4096K, 2 young (8192K), 1 survivors (4096K)
 Metaspace       used 29567K, committed 29952K, reserved 1114112K
  class space    used 3262K, committed 3456K, reserved 1048576K
GC Heap History (17 events):
Event: 0.369 GC heap before
{Heap before GC invocations=0 (full 0):
 garbage-first heap   total 503808K, used 28672K [0x0000000615800000, 0x0000000800000000)
  region size 4096K, 6 young (24576K), 0 survivors (0K)
 Metaspace       used 9935K, committed 10112K, reserved 1114112K
  class space    used 926K, committed 1024K, reserved 1048576K
}
Event: 0.373 GC heap after
{Heap after GC invocations=1 (full 0):
 garbage-first heap   total 503808K, used 9760K [0x0000000615800000, 0x0000000800000000)
  region size 4096K, 1 young (4096K), 1 survivors (4096K)
 Metaspace       used 9935K, committed 10112K, reserved 1114112K
  class space    used 926K, committed 1024K, reserved 1048576K
}
Event: 0.459 GC heap before
{Heap before GC invocations=1 (full 0):
 garbage-first heap   total 503808K, used 30240K [0x0000000615800000, 0x0000000800000000)
  region size 4096K, 6 young (24576K), 1 survivors (4096K)
 Metaspace       used 10325K, committed 10560K, reserved 1114112K
  class space    used 973K, committed 1088K, reserved 1048576K
}
Event: 0.461 GC heap after
{Heap after GC invocations=2 (full 0):
 garbage-first heap   total 503808K, used 12619K [0x0000000615800000, 0x0000000800000000)
  region size 4096K, 1 young (4096K), 1 survivors (4096K)
 Metaspace       used 10325K, committed 10560K, reserved 1114112K
  class space    used 973K, committed 1088K, reserved 1048576K
}
Event: 0.685 GC heap before
{Heap before GC invocations=2 (full 0):
 garbage-first heap   total 503808K, used 86347K [0x0000000615800000, 0x0000000800000000)
  region size 4096K, 15 young (61440K), 1 survivors (4096K)
 Metaspace       used 12188K, committed 12416K, reserved 1114112K
  class space    used 1151K, committed 1280K, reserved 1048576K
}
Event: 0.691 GC heap after
{Heap after GC invocations=3 (full 0):
 garbage-first heap   total 503808K, used 49700K [0x0000000615800000, 0x0000000800000000)
  region size 4096K, 2 young (8192K), 2 survivors (8192K)
 Metaspace       used 12188K, committed 12416K, reserved 1114112K
  class space    used 1151K, committed 1280K, reserved 1048576K
}
Event: 1.013 GC heap before
{Heap before GC invocations=3 (full 0):
 garbage-first heap   total 503808K, used 168484K [0x0000000615800000, 0x0000000800000000)
  region size 4096K, 31 young (126976K), 2 survivors (8192K)
 Metaspace       used 13073K, committed 13312K, reserved 1114112K
  class space    used 1243K, committed 1344K, reserved 1048576K
}
Event: 1.017 GC heap after
{Heap after GC invocations=4 (full 0):
 garbage-first heap   total 503808K, used 45834K [0x0000000615800000, 0x0000000800000000)
  region size 4096K, 4 young (16384K), 4 survivors (16384K)
 Metaspace       used 13073K, committed 13312K, reserved 1114112K
  class space    used 1243K, committed 1344K, reserved 1048576K
}
Event: 1.281 GC heap before
{Heap before GC invocations=4 (full 0):
 garbage-first heap   total 503808K, used 209674K [0x0000000615800000, 0x0000000800000000)
  region size 4096K, 39 young (159744K), 4 survivors (16384K)
 Metaspace       used 13197K, committed 13376K, reserved 1114112K
  class space    used 1254K, committed 1344K, reserved 1048576K
}
Event: 1.289 GC heap after
{Heap after GC invocations=5 (full 0):
 garbage-first heap   total 503808K, used 83988K [0x0000000615800000, 0x0000000800000000)
  region size 4096K, 5 young (20480K), 5 survivors (20480K)
 Metaspace       used 13197K, committed 13376K, reserved 1114112K
  class space    used 1254K, committed 1344K, reserved 1048576K
}
Event: 1.891 GC heap before
{Heap before GC invocations=5 (full 0):
 garbage-first heap   total 503808K, used 362516K [0x0000000615800000, 0x0000000800000000)
  region size 4096K, 73 young (299008K), 5 survivors (20480K)
 Metaspace       used 18531K, committed 18752K, reserved 1114112K
  class space    used 1942K, committed 2048K, reserved 1048576K
}
Event: 1.897 GC heap after
{Heap after GC invocations=6 (full 0):
 garbage-first heap   total 606208K, used 75177K [0x0000000615800000, 0x0000000800000000)
  region size 4096K, 7 young (28672K), 7 survivors (28672K)
 Metaspace       used 18531K, committed 18752K, reserved 1114112K
  class space    used 1942K, committed 2048K, reserved 1048576K
}
Event: 2.019 GC heap before
{Heap before GC invocations=6 (full 0):
 garbage-first heap   total 606208K, used 91561K [0x0000000615800000, 0x0000000800000000)
  region size 4096K, 12 young (49152K), 7 survivors (28672K)
 Metaspace       used 21257K, committed 21504K, reserved 1114112K
  class space    used 2249K, committed 2368K, reserved 1048576K
}
Event: 2.024 GC heap after
{Heap after GC invocations=7 (full 0):
 garbage-first heap   total 606208K, used 76496K [0x0000000615800000, 0x0000000800000000)
  region size 4096K, 4 young (16384K), 4 survivors (16384K)
 Metaspace       used 21257K, committed 21504K, reserved 1114112K
  class space    used 2249K, committed 2368K, reserved 1048576K
}
Event: 2.612 GC heap before
{Heap before GC invocations=8 (full 0):
 garbage-first heap   total 245760K, used 203472K [0x0000000615800000, 0x0000000800000000)
  region size 4096K, 33 young (135168K), 4 survivors (16384K)
 Metaspace       used 29447K, committed 29760K, reserved 1114112K
  class space    used 3247K, committed 3392K, reserved 1048576K
}
Event: 2.623 GC heap after
{Heap after GC invocations=9 (full 0):
 garbage-first heap   total 258048K, used 115842K [0x0000000615800000, 0x0000000800000000)
  region size 4096K, 5 young (20480K), 5 survivors (20480K)
 Metaspace       used 29447K, committed 29760K, reserved 1114112K
  class space    used 3247K, committed 3392K, reserved 1048576K
}
Event: 2.654 GC heap before
{Heap before GC invocations=9 (full 0):
 garbage-first heap   total 258048K, used 119938K [0x0000000615800000, 0x0000000800000000)
  region size 4096K, 6 young (24576K), 5 survivors (20480K)
 Metaspace       used 29567K, committed 29952K, reserved 1114112K
  class space    used 3262K, committed 3456K, reserved 1048576K
}

