# JRE version: OpenJDK Runtime Environment JBR-17.0.9+7-1087.7-nomod (17.0.9+7) (build 17.0.9+7-b1087.7)
# Java VM: OpenJDK 64-Bit Server VM JBR-17.0.9+7-1087.7-nomod (17.0.9+7-b1087.7, mixed mode, tiered, compressed oops, compressed class ptrs, g1 gc, linux-amd64)
GC Precious Log:
 CPUs: 32 total, 12 available
 Memory: 31376M
 Large Page Support: Disabled
 NUMA Support: Disabled
 Compressed Oops: Enabled (Zero based)
 Heap Region Size: 4M
 Heap Min Capacity: 8M
 Heap Initial Capacity: 492M
 Heap Max Capacity: 7848M
 Pre-touch: Disabled
 Parallel Workers: 10
 Concurrent Workers: 3
 Concurrent Refinement Workers: 10
 Periodic GC: Disabled
Heap:
 garbage-first heap   total 430080K, used 281165K [0x0000000615800000, 0x0000000800000000)
  region size 4096K, 39 young (159744K), 4 survivors (16384K)
 Metaspace       used 59303K, committed 60480K, reserved 1114112K
  class space    used 7392K, committed 7936K, reserved 1048576K
GC Heap History (20 events):
Event: 2.153 GC heap after
{Heap after GC invocations=7 (full 0):
 garbage-first heap   total 606208K, used 77780K [0x0000000615800000, 0x0000000800000000)
  region size 4096K, 4 young (16384K), 4 survivors (16384K)
 Metaspace       used 21260K, committed 21504K, reserved 1114112K
  class space    used 2251K, committed 2368K, reserved 1048576K
}
Event: 2.885 GC heap before
{Heap before GC invocations=8 (full 0):
 garbage-first heap   total 262144K, used 217044K [0x0000000615800000, 0x0000000800000000)
  region size 4096K, 36 young (147456K), 4 survivors (16384K)
 Metaspace       used 30320K, committed 30784K, reserved 1114112K
  class space    used 3355K, committed 3584K, reserved 1048576K
}
Event: 2.894 GC heap after
{Heap after GC invocations=9 (full 0):
 garbage-first heap   total 262144K, used 88711K [0x0000000615800000, 0x0000000800000000)
  region size 4096K, 9 young (36864K), 9 survivors (36864K)
 Metaspace       used 30320K, committed 30784K, reserved 1114112K
  class space    used 3355K, committed 3584K, reserved 1048576K
}
Event: 2.921 GC heap before
{Heap before GC invocations=9 (full 0):
 garbage-first heap   total 262144K, used 92807K [0x0000000615800000, 0x0000000800000000)
  region size 4096K, 10 young (40960K), 9 survivors (36864K)
 Metaspace       used 30887K, committed 31296K, reserved 1114112K
  class space    used 3435K, committed 3648K, reserved 1048576K
}
Event: 2.928 GC heap after
{Heap after GC invocations=10 (full 0):
 garbage-first heap   total 262144K, used 88391K [0x0000000615800000, 0x0000000800000000)
  region size 4096K, 1 young (4096K), 1 survivors (4096K)
 Metaspace       used 30887K, committed 31296K, reserved 1114112K
  class space    used 3435K, committed 3648K, reserved 1048576K
}
Event: 3.177 GC heap before
{Heap before GC invocations=10 (full 0):
 garbage-first heap   total 262144K, used 121159K [0x0000000615800000, 0x0000000800000000)
  region size 4096K, 10 young (40960K), 1 survivors (4096K)
 Metaspace       used 35488K, committed 36096K, reserved 1114112K
  class space    used 4078K, committed 4352K, reserved 1048576K
}
Event: 3.179 GC heap after
{Heap after GC invocations=11 (full 0):
 garbage-first heap   total 262144K, used 85948K [0x0000000615800000, 0x0000000800000000)
  region size 4096K, 1 young (4096K), 1 survivors (4096K)
 Metaspace       used 35488K, committed 36096K, reserved 1114112K
  class space    used 4078K, committed 4352K, reserved 1048576K
}
Event: 3.438 GC heap before
{Heap before GC invocations=12 (full 0):
 garbage-first heap   total 262144K, used 192444K [0x0000000615800000, 0x0000000800000000)
  region size 4096K, 27 young (110592K), 1 survivors (4096K)
 Metaspace       used 39449K, committed 40256K, reserved 1114112K
  class space    used 4549K, committed 4928K, reserved 1048576K
}
Event: 3.441 GC heap after
{Heap after GC invocations=13 (full 0):
 garbage-first heap   total 262144K, used 88391K [0x0000000615800000, 0x0000000800000000)
  region size 4096K, 1 young (4096K), 1 survivors (4096K)
 Metaspace       used 39449K, committed 40256K, reserved 1114112K
  class space    used 4549K, committed 4928K, reserved 1048576K
}
Event: 3.587 GC heap before
{Heap before GC invocations=13 (full 0):
 garbage-first heap   total 262144K, used 194887K [0x0000000615800000, 0x0000000800000000)
  region size 4096K, 28 young (114688K), 1 survivors (4096K)
 Metaspace       used 40670K, committed 41536K, reserved 1114112K
  class space    used 4693K, committed 5056K, reserved 1048576K
}
Event: 3.590 GC heap after
{Heap after GC invocations=14 (full 0):
 garbage-first heap   total 430080K, used 89755K [0x0000000615800000, 0x0000000800000000)
  region size 4096K, 2 young (8192K), 2 survivors (8192K)
 Metaspace       used 40670K, committed 41536K, reserved 1114112K
  class space    used 4693K, committed 5056K, reserved 1048576K
}
Event: 3.797 GC heap before
{Heap before GC invocations=14 (full 0):
 garbage-first heap   total 430080K, used 319131K [0x0000000615800000, 0x0000000800000000)
  region size 4096K, 58 young (237568K), 2 survivors (8192K)
 Metaspace       used 41053K, committed 41984K, reserved 1114112K
  class space    used 4760K, committed 5184K, reserved 1048576K
}
Event: 3.800 GC heap after
{Heap after GC invocations=15 (full 0):
 garbage-first heap   total 430080K, used 91560K [0x0000000615800000, 0x0000000800000000)
  region size 4096K, 2 young (8192K), 2 survivors (8192K)
 Metaspace       used 41053K, committed 41984K, reserved 1114112K
  class space    used 4760K, committed 5184K, reserved 1048576K
}
Event: 4.064 GC heap before
{Heap before GC invocations=15 (full 0):
 garbage-first heap   total 430080K, used 329128K [0x0000000615800000, 0x0000000800000000)
  region size 4096K, 60 young (245760K), 2 survivors (8192K)
 Metaspace       used 44315K, committed 45248K, reserved 1114112K
  class space    used 5126K, committed 5504K, reserved 1048576K
}
Event: 4.068 GC heap after
{Heap after GC invocations=16 (full 0):
 garbage-first heap   total 430080K, used 95083K [0x0000000615800000, 0x0000000800000000)
  region size 4096K, 3 young (12288K), 3 survivors (12288K)
 Metaspace       used 44315K, committed 45248K, reserved 1114112K
  class space    used 5126K, committed 5504K, reserved 1048576K
}
Event: 5.014 GC heap before
{Heap before GC invocations=16 (full 0):
 garbage-first heap   total 430080K, used 349035K [0x0000000615800000, 0x0000000800000000)
  region size 4096K, 62 young (253952K), 3 survivors (12288K)
 Metaspace       used 55491K, committed 56640K, reserved 1114112K
  class space    used 6791K, committed 7296K, reserved 1048576K
}
Event: 5.022 GC heap after
{Heap after GC invocations=17 (full 0):
 garbage-first heap   total 430080K, used 116078K [0x0000000615800000, 0x0000000800000000)
  region size 4096K, 5 young (20480K), 5 survivors (20480K)
 Metaspace       used 55491K, committed 56640K, reserved 1114112K
  class space    used 6791K, committed 7296K, reserved 1048576K
}
Event: 5.484 GC heap before
{Heap before GC invocations=17 (full 0):
 garbage-first heap   total 430080K, used 345454K [0x0000000615800000, 0x0000000800000000)
  region size 4096K, 61 young (249856K), 5 survivors (20480K)
 Metaspace       used 57960K, committed 59200K, reserved 1114112K
  class space    used 7216K, committed 7744K, reserved 1048576K
}
Event: 5.498 GC heap after
{Heap after GC invocations=18 (full 0):
 garbage-first heap   total 430080K, used 139851K [0x0000000615800000, 0x0000000800000000)
  region size 4096K, 8 young (32768K), 8 survivors (32768K)
 Metaspace       used 57960K, committed 59200K, reserved 1114112K
  class space    used 7216K, committed 7744K, reserved 1048576K
}
Event: 5.834 GC heap before
{Heap before GC invocations=18 (full 0):
 garbage-first heap   total 430080K, used 279115K [0x0000000615800000, 0x0000000800000000)
  region size 4096K, 43 young (176128K), 8 survivors (32768K)
 Metaspace       used 59303K, committed 60480K, reserved 1114112K
  class space    used 7392K, committed 7936K, reserved 1048576K
}

