# JRE version: OpenJDK Runtime Environment JBR-17.0.9+7-1087.7-nomod (17.0.9+7) (build 17.0.9+7-b1087.7)
# Java VM: OpenJDK 64-Bit Server VM JBR-17.0.9+7-1087.7-nomod (17.0.9+7-b1087.7, mixed mode, tiered, compressed oops, compressed class ptrs, g1 gc, linux-amd64)
GC Precious Log:
 CPUs: 32 total, 12 available
 Memory: 31376M
 Large Page Support: Disabled
 NUMA Support: Disabled
 Compressed Oops: Enabled (Zero based)
 Heap Region Size: 4M
 Heap Min Capacity: 8M
 Heap Initial Capacity: 492M
 Heap Max Capacity: 7848M
 Pre-touch: Disabled
 Parallel Workers: 10
 Concurrent Workers: 3
 Concurrent Refinement Workers: 10
 Periodic GC: Disabled
Heap:
 garbage-first heap   total 1540096K, used 1180205K [0x0000000615800000, 0x0000000800000000)
  region size 4096K, 140 young (573440K), 9 survivors (36864K)
 Metaspace       used 123800K, committed 125440K, reserved 1179648K
  class space    used 18249K, committed 19008K, reserved 1048576K
GC Heap History (20 events):
Event: 9.400 GC heap after
{Heap after GC invocations=24 (full 0):
 garbage-first heap   total 696320K, used 217774K [0x0000000615800000, 0x0000000800000000)
  region size 4096K, 10 young (40960K), 10 survivors (40960K)
 Metaspace       used 102724K, committed 104128K, reserved 1179648K
  class space    used 15189K, committed 15808K, reserved 1048576K
}
Event: 9.409 GC heap before
{Heap before GC invocations=24 (full 0):
 garbage-first heap   total 696320K, used 221870K [0x0000000615800000, 0x0000000800000000)
  region size 4096K, 11 young (45056K), 10 survivors (40960K)
 Metaspace       used 102743K, committed 104192K, reserved 1179648K
  class space    used 15192K, committed 15808K, reserved 1048576K
}
Event: 9.421 GC heap after
{Heap after GC invocations=25 (full 0):
 garbage-first heap   total 696320K, used 220233K [0x0000000615800000, 0x0000000800000000)
  region size 4096K, 2 young (8192K), 2 survivors (8192K)
 Metaspace       used 102743K, committed 104192K, reserved 1179648K
  class space    used 15192K, committed 15808K, reserved 1048576K
}
Event: 9.575 GC heap before
{Heap before GC invocations=25 (full 0):
 garbage-first heap   total 696320K, used 556105K [0x0000000615800000, 0x0000000800000000)
  region size 4096K, 84 young (344064K), 2 survivors (8192K)
 Metaspace       used 103113K, committed 104512K, reserved 1179648K
  class space    used 15239K, committed 15872K, reserved 1048576K
}
Event: 9.580 GC heap after
{Heap after GC invocations=26 (full 0):
 garbage-first heap   total 696320K, used 228024K [0x0000000615800000, 0x0000000800000000)
  region size 4096K, 4 young (16384K), 4 survivors (16384K)
 Metaspace       used 103113K, committed 104512K, reserved 1179648K
  class space    used 15239K, committed 15872K, reserved 1048576K
}
Event: 10.034 GC heap before
{Heap before GC invocations=26 (full 0):
 garbage-first heap   total 696320K, used 555704K [0x0000000615800000, 0x0000000800000000)
  region size 4096K, 85 young (348160K), 4 survivors (16384K)
 Metaspace       used 103425K, committed 104896K, reserved 1179648K
  class space    used 15286K, committed 15936K, reserved 1048576K
}
Event: 10.043 GC heap after
{Heap after GC invocations=27 (full 0):
 garbage-first heap   total 696320K, used 245122K [0x0000000615800000, 0x0000000800000000)
  region size 4096K, 8 young (32768K), 8 survivors (32768K)
 Metaspace       used 103425K, committed 104896K, reserved 1179648K
  class space    used 15286K, committed 15936K, reserved 1048576K
}
Event: 11.042 GC heap before
{Heap before GC invocations=27 (full 0):
 garbage-first heap   total 696320K, used 560514K [0x0000000615800000, 0x0000000800000000)
  region size 4096K, 86 young (352256K), 8 survivors (32768K)
 Metaspace       used 106592K, committed 108096K, reserved 1179648K
  class space    used 15789K, committed 16512K, reserved 1048576K
}
Event: 11.070 GC heap after
{Heap after GC invocations=28 (full 0):
 garbage-first heap   total 696320K, used 294686K [0x0000000615800000, 0x0000000800000000)
  region size 4096K, 11 young (45056K), 11 survivors (45056K)
 Metaspace       used 106592K, committed 108096K, reserved 1179648K
  class space    used 15789K, committed 16512K, reserved 1048576K
}
Event: 15.423 GC heap before
{Heap before GC invocations=28 (full 0):
 garbage-first heap   total 696320K, used 548638K [0x0000000615800000, 0x0000000800000000)
  region size 4096K, 73 young (299008K), 11 survivors (45056K)
 Metaspace       used 113716K, committed 115264K, reserved 1179648K
  class space    used 16996K, committed 17664K, reserved 1048576K
}
Event: 15.439 GC heap after
{Heap after GC invocations=29 (full 0):
 garbage-first heap   total 1540096K, used 309409K [0x0000000615800000, 0x0000000800000000)
  region size 4096K, 3 young (12288K), 3 survivors (12288K)
 Metaspace       used 113716K, committed 115264K, reserved 1179648K
  class space    used 16996K, committed 17664K, reserved 1048576K
}
Event: 17.555 GC heap before
{Heap before GC invocations=29 (full 0):
 garbage-first heap   total 1540096K, used 1198241K [0x0000000615800000, 0x0000000800000000)
  region size 4096K, 220 young (901120K), 3 survivors (12288K)
 Metaspace       used 119686K, committed 121280K, reserved 1179648K
  class space    used 17781K, committed 18496K, reserved 1048576K
}
Event: 17.613 GC heap after
{Heap after GC invocations=30 (full 0):
 garbage-first heap   total 1540096K, used 467357K [0x0000000615800000, 0x0000000800000000)
  region size 4096K, 28 young (114688K), 28 survivors (114688K)
 Metaspace       used 119686K, committed 121280K, reserved 1179648K
  class space    used 17781K, committed 18496K, reserved 1048576K
}
Event: 18.825 GC heap before
{Heap before GC invocations=30 (full 0):
 garbage-first heap   total 1540096K, used 1114525K [0x0000000615800000, 0x0000000800000000)
  region size 4096K, 187 young (765952K), 28 survivors (114688K)
 Metaspace       used 122314K, committed 123968K, reserved 1179648K
  class space    used 18113K, committed 18880K, reserved 1048576K
}
Event: 18.914 GC heap after
{Heap after GC invocations=31 (full 0):
 garbage-first heap   total 1540096K, used 612043K [0x0000000615800000, 0x0000000800000000)
  region size 4096K, 24 young (98304K), 24 survivors (98304K)
 Metaspace       used 122314K, committed 123968K, reserved 1179648K
  class space    used 18113K, committed 18880K, reserved 1048576K
}
Event: 19.909 GC heap before
{Heap before GC invocations=31 (full 0):
 garbage-first heap   total 1540096K, used 1095371K [0x0000000615800000, 0x0000000800000000)
  region size 4096K, 142 young (581632K), 24 survivors (98304K)
 Metaspace       used 123117K, committed 124800K, reserved 1179648K
  class space    used 18213K, committed 18944K, reserved 1048576K
}
Event: 19.938 GC heap after
{Heap after GC invocations=32 (full 0):
 garbage-first heap   total 1540096K, used 641830K [0x0000000615800000, 0x0000000800000000)
  region size 4096K, 6 young (24576K), 6 survivors (24576K)
 Metaspace       used 123117K, committed 124800K, reserved 1179648K
  class space    used 18213K, committed 18944K, reserved 1048576K
}
Event: 20.772 GC heap before
{Heap before GC invocations=32 (full 0):
 garbage-first heap   total 1540096K, used 1145638K [0x0000000615800000, 0x0000000800000000)
  region size 4096K, 129 young (528384K), 6 survivors (24576K)
 Metaspace       used 123445K, committed 125120K, reserved 1179648K
  class space    used 18229K, committed 19008K, reserved 1048576K
}
Event: 20.778 GC heap after
{Heap after GC invocations=33 (full 0):
 garbage-first heap   total 1540096K, used 643629K [0x0000000615800000, 0x0000000800000000)
  region size 4096K, 6 young (24576K), 6 survivors (24576K)
 Metaspace       used 123445K, committed 125120K, reserved 1179648K
  class space    used 18229K, committed 19008K, reserved 1048576K
}
Event: 21.625 GC heap before
{Heap before GC invocations=33 (full 0):
 garbage-first heap   total 1540096K, used 1180205K [0x0000000615800000, 0x0000000800000000)
  region size 4096K, 137 young (561152K), 6 survivors (24576K)
 Metaspace       used 123800K, committed 125440K, reserved 1179648K
  class space    used 18249K, committed 19008K, reserved 1048576K
}

